<?xml version="1.0" encoding="UTF-8"?>
<testng-results skipped="0" failed="0" total="1" passed="1">
  <reporter-output>
  </reporter-output>
  <suite name="Default suite" duration-ms="72" started-at="2016-04-17T23:45:52Z" finished-at="2016-04-17T23:45:52Z">
    <groups>
    </groups>
    <test name="Default test" duration-ms="72" started-at="2016-04-17T23:45:52Z" finished-at="2016-04-17T23:45:52Z">
      <class name="client.impl.RemoteControlTest">
        <test-method status="PASS" signature="testRC()[pri:0, instance:client.impl.RemoteControlTest@b97c004]" name="testRC" duration-ms="28" started-at="2016-04-17T16:45:52Z" finished-at="2016-04-17T16:45:52Z">
          <reporter-output>
          </reporter-output>
        </test-method> <!-- testRC -->
      </class> <!-- client.impl.RemoteControlTest -->
    </test> <!-- Default test -->
  </suite> <!-- Default suite -->
</testng-results>
